# JRE version: OpenJDK Runtime Environment (8.0_242-b01) (build 1.8.0_242-release-1644-b01)
# Java VM: OpenJDK 64-Bit Server VM (25.242-b01 mixed mode windows-amd64 compressed oops)
Heap:
 PSYoungGen      total 197632K, used 16448K [0x00000000d5580000, 0x00000000e2300000, 0x0000000100000000)
  eden space 184832K, 1% used [0x00000000d5580000,0x00000000d5915250,0x00000000e0a00000)
  from space 12800K, 99% used [0x00000000e0a00000,0x00000000e167b100,0x00000000e1680000)
  to   space 12288K, 0% used [0x00000000e1700000,0x00000000e1700000,0x00000000e2300000)
 ParOldGen       total 45568K, used 16779K [0x0000000080000000, 0x0000000082c80000, 0x00000000d5580000)
  object space 45568K, 36% used [0x0000000080000000,0x0000000081062c28,0x0000000082c80000)
 Metaspace       used 45127K, capacity 46912K, committed 47144K, reserved 1089536K
  class space    used 6106K, capacity 6448K, committed 6448K, reserved 1048576K
GC Heap History (10 events):
Event: 9.223 GC heap before
{Heap before GC invocations=9 (full 1):
 PSYoungGen      total 137728K, used 3616K [0x00000000d5580000, 0x00000000de580000, 0x0000000100000000)
  eden space 129024K, 0% used [0x00000000d5580000,0x00000000d5580000,0x00000000dd380000)
  from space 8704K, 41% used [0x00000000ddd00000,0x00000000de088030,0x00000000de580000)
  to   space 9216K, 0% used [0x00000000dd380000,0x00000000dd380000,0x00000000ddc80000)
 ParOldGen       total 44032K, used 8513K [0x0000000080000000, 0x0000000082b00000, 0x00000000d5580000)
  object space 44032K, 19% used [0x0000000080000000,0x00000000808506e8,0x0000000082b00000)
 Metaspace       used 20579K, capacity 21208K, committed 21296K, reserved 1067008K
  class space    used 2873K, capacity 3076K, committed 3120K, reserved 1048576K
Event: 9.308 GC heap after
Heap after GC invocations=9 (full 1):
 PSYoungGen      total 137728K, used 0K [0x00000000d5580000, 0x00000000de580000, 0x0000000100000000)
  eden space 129024K, 0% used [0x00000000d5580000,0x00000000d5580000,0x00000000dd380000)
  from space 8704K, 0% used [0x00000000ddd00000,0x00000000ddd00000,0x00000000de580000)
  to   space 9216K, 0% used [0x00000000dd380000,0x00000000dd380000,0x00000000ddc80000)
 ParOldGen       total 30720K, used 6749K [0x0000000080000000, 0x0000000081e00000, 0x00000000d5580000)
  object space 30720K, 21% used [0x0000000080000000,0x00000000806975b8,0x0000000081e00000)
 Metaspace       used 20579K, capacity 21208K, committed 21296K, reserved 1067008K
  class space    used 2873K, capacity 3076K, committed 3120K, reserved 1048576K
}
Event: 21.099 GC heap before
{Heap before GC invocations=10 (full 1):
 PSYoungGen      total 137728K, used 129024K [0x00000000d5580000, 0x00000000de580000, 0x0000000100000000)
  eden space 129024K, 100% used [0x00000000d5580000,0x00000000dd380000,0x00000000dd380000)
  from space 8704K, 0% used [0x00000000ddd00000,0x00000000ddd00000,0x00000000de580000)
  to   space 9216K, 0% used [0x00000000dd380000,0x00000000dd380000,0x00000000ddc80000)
 ParOldGen       total 30720K, used 6749K [0x0000000080000000, 0x0000000081e00000, 0x00000000d5580000)
  object space 30720K, 21% used [0x0000000080000000,0x00000000806975b8,0x0000000081e00000)
 Metaspace       used 32770K, capacity 33780K, committed 33968K, reserved 1079296K
  class space    used 4471K, capacity 4750K, committed 4784K, reserved 1048576K
Event: 21.124 GC heap after
Heap after GC invocations=10 (full 1):
 PSYoungGen      total 138240K, used 9188K [0x00000000d5580000, 0x00000000e2380000, 0x0000000100000000)
  eden space 129024K, 0% used [0x00000000d5580000,0x00000000d5580000,0x00000000dd380000)
  from space 9216K, 99% used [0x00000000dd380000,0x00000000ddc79390,0x00000000ddc80000)
  to   space 12800K, 0% used [0x00000000e1700000,0x00000000e1700000,0x00000000e2380000)
 ParOldGen       total 30720K, used 11538K [0x0000000080000000, 0x0000000081e00000, 0x00000000d5580000)
  object space 30720K, 37% used [0x0000000080000000,0x0000000080b449b8,0x0000000081e00000)
 Metaspace       used 32770K, capacity 33780K, committed 33968K, reserved 1079296K
  class space    used 4471K, capacity 4750K, committed 4784K, reserved 1048576K
}
Event: 22.286 GC heap before
{Heap before GC invocations=11 (full 1):
 PSYoungGen      total 138240K, used 38618K [0x00000000d5580000, 0x00000000e2380000, 0x0000000100000000)
  eden space 129024K, 22% used [0x00000000d5580000,0x00000000d723d7a0,0x00000000dd380000)
  from space 9216K, 99% used [0x00000000dd380000,0x00000000ddc79390,0x00000000ddc80000)
  to   space 12800K, 0% used [0x00000000e1700000,0x00000000e1700000,0x00000000e2380000)
 ParOldGen       total 30720K, used 11538K [0x0000000080000000, 0x0000000081e00000, 0x00000000d5580000)
  object space 30720K, 37% used [0x0000000080000000,0x0000000080b449b8,0x0000000081e00000)
 Metaspace       used 34255K, capacity 35396K, committed 35496K, reserved 1079296K
  class space    used 4711K, capacity 5001K, committed 5040K, reserved 1048576K
Event: 22.310 GC heap after
Heap after GC invocations=11 (full 1):
 PSYoungGen      total 197120K, used 8092K [0x00000000d5580000, 0x00000000e2300000, 0x0000000100000000)
  eden space 184832K, 0% used [0x00000000d5580000,0x00000000d5580000,0x00000000e0a00000)
  from space 12288K, 65% used [0x00000000e1700000,0x00000000e1ee73d0,0x00000000e2300000)
  to   space 12800K, 0% used [0x00000000e0a00000,0x00000000e0a00000,0x00000000e1680000)
 ParOldGen       total 30720K, used 11546K [0x0000000080000000, 0x0000000081e00000, 0x00000000d5580000)
  object space 30720K, 37% used [0x0000000080000000,0x0000000080b469b8,0x0000000081e00000)
 Metaspace       used 34255K, capacity 35396K, committed 35496K, reserved 1079296K
  class space    used 4711K, capacity 5001K, committed 5040K, reserved 1048576K
}
Event: 22.310 GC heap before
{Heap before GC invocations=12 (full 2):
 PSYoungGen      total 197120K, used 8092K [0x00000000d5580000, 0x00000000e2300000, 0x0000000100000000)
  eden space 184832K, 0% used [0x00000000d5580000,0x00000000d5580000,0x00000000e0a00000)
  from space 12288K, 65% used [0x00000000e1700000,0x00000000e1ee73d0,0x00000000e2300000)
  to   space 12800K, 0% used [0x00000000e0a00000,0x00000000e0a00000,0x00000000e1680000)
 ParOldGen       total 30720K, used 11546K [0x0000000080000000, 0x0000000081e00000, 0x00000000d5580000)
  object space 30720K, 37% used [0x0000000080000000,0x0000000080b469b8,0x0000000081e00000)
 Metaspace       used 34255K, capacity 35396K, committed 35496K, reserved 1079296K
  class space    used 4711K, capacity 5001K, committed 5040K, reserved 1048576K
Event: 22.394 GC heap after
Heap after GC invocations=12 (full 2):
 PSYoungGen      total 197120K, used 0K [0x00000000d5580000, 0x00000000e2300000, 0x0000000100000000)
  eden space 184832K, 0% used [0x00000000d5580000,0x00000000d5580000,0x00000000e0a00000)
  from space 12288K, 0% used [0x00000000e1700000,0x00000000e1700000,0x00000000e2300000)
  to   space 12800K, 0% used [0x00000000e0a00000,0x00000000e0a00000,0x00000000e1680000)
 ParOldGen       total 45568K, used 14584K [0x0000000080000000, 0x0000000082c80000, 0x00000000d5580000)
  object space 45568K, 32% used [0x0000000080000000,0x0000000080e3e368,0x0000000082c80000)
 Metaspace       used 34255K, capacity 35396K, committed 35496K, reserved 1079296K
  class space    used 4711K, capacity 5001K, committed 5040K, reserved 1048576K
}
Event: 44.389 GC heap before
{Heap before GC invocations=13 (full 2):
 PSYoungGen      total 197120K, used 184832K [0x00000000d5580000, 0x00000000e2300000, 0x0000000100000000)
  eden space 184832K, 100% used [0x00000000d5580000,0x00000000e0a00000,0x00000000e0a00000)
  from space 12288K, 0% used [0x00000000e1700000,0x00000000e1700000,0x00000000e2300000)
  to   space 12800K, 0% used [0x00000000e0a00000,0x00000000e0a00000,0x00000000e1680000)
 ParOldGen       total 45568K, used 14584K [0x0000000080000000, 0x0000000082c80000, 0x00000000d5580000)
  object space 45568K, 32% used [0x0000000080000000,0x0000000080e3e368,0x0000000082c80000)
 Metaspace       used 45054K, capacity 46848K, committed 47144K, reserved 1089536K
  class space    used 6097K, capacity 6448K, committed 6448K, reserved 1048576K
Event: 44.435 GC heap after
Heap after GC invocations=13 (full 2):
 PSYoungGen      total 197632K, used 12780K [0x00000000d5580000, 0x00000000e2300000, 0x0000000100000000)
  eden space 184832K, 0% used [0x00000000d5580000,0x00000000d5580000,0x00000000e0a00000)
  from space 12800K, 99% used [0x00000000e0a00000,0x00000000e167b100,0x00000000e1680000)
  to   space 12288K, 0% used [0x00000000e1700000,0x00000000e1700000,0x00000000e2300000)
 ParOldGen       total 45568K, used 16779K [0x0000000080000000, 0x0000000082c80000, 0x00000000d5580000)
  object space 45568K, 36% used [0x0000000080000000,0x0000000081062c28,0x0000000082c80000)
 Metaspace       used 45054K, capacity 46848K, committed 47144K, reserved 1089536K
  class space    used 6097K, capacity 6448K, committed 6448K, reserved 1048576K
}

