# JRE version: OpenJDK Runtime Environment (8.0_242-b01) (build 1.8.0_242-release-1644-b01)
# Java VM: OpenJDK 64-Bit Server VM (25.242-b01 mixed mode windows-amd64 compressed oops)
Heap:
 PSYoungGen      total 198144K, used 49080K [0x00000000d5580000, 0x00000000e2500000, 0x0000000100000000)
  eden space 185344K, 24% used [0x00000000d5580000,0x00000000d8178968,0x00000000e0a80000)
  from space 12800K, 31% used [0x00000000e0a80000,0x00000000e0e75a48,0x00000000e1700000)
  to   space 12800K, 0% used [0x00000000e1700000,0x00000000e1700000,0x00000000e2380000)
 ParOldGen       total 52736K, used 52243K [0x0000000080000000, 0x0000000083380000, 0x00000000d5580000)
  object space 52736K, 99% used [0x0000000080000000,0x0000000083304c10,0x0000000083380000)
 Metaspace       used 65125K, capacity 67990K, committed 68504K, reserved 1107968K
  class space    used 8945K, capacity 9512K, committed 9648K, reserved 1048576K
GC Heap History (10 events):
Event: 26.640 GC heap before
{Heap before GC invocations=13 (full 2):
 PSYoungGen      total 198144K, used 185344K [0x00000000d5580000, 0x00000000e2500000, 0x0000000100000000)
  eden space 185344K, 100% used [0x00000000d5580000,0x00000000e0a80000,0x00000000e0a80000)
  from space 12800K, 0% used [0x00000000e1700000,0x00000000e1700000,0x00000000e2380000)
  to   space 12800K, 0% used [0x00000000e0a80000,0x00000000e0a80000,0x00000000e1700000)
 ParOldGen       total 47104K, used 14514K [0x0000000080000000, 0x0000000082e00000, 0x00000000d5580000)
  object space 47104K, 30% used [0x0000000080000000,0x0000000080e2c8e0,0x0000000082e00000)
 Metaspace       used 45291K, capacity 47086K, committed 47272K, reserved 1089536K
  class space    used 6125K, capacity 6483K, committed 6576K, reserved 1048576K
Event: 26.667 GC heap after
Heap after GC invocations=13 (full 2):
 PSYoungGen      total 198144K, used 12772K [0x00000000d5580000, 0x00000000e2500000, 0x0000000100000000)
  eden space 185344K, 0% used [0x00000000d5580000,0x00000000d5580000,0x00000000e0a80000)
  from space 12800K, 99% used [0x00000000e0a80000,0x00000000e16f91f8,0x00000000e1700000)
  to   space 12800K, 0% used [0x00000000e1700000,0x00000000e1700000,0x00000000e2380000)
 ParOldGen       total 47104K, used 17005K [0x0000000080000000, 0x0000000082e00000, 0x00000000d5580000)
  object space 47104K, 36% used [0x0000000080000000,0x000000008109b590,0x0000000082e00000)
 Metaspace       used 45291K, capacity 47086K, committed 47272K, reserved 1089536K
  class space    used 6125K, capacity 6483K, committed 6576K, reserved 1048576K
}
Event: 35.252 GC heap before
{Heap before GC invocations=14 (full 2):
 PSYoungGen      total 198144K, used 159578K [0x00000000d5580000, 0x00000000e2500000, 0x0000000100000000)
  eden space 185344K, 79% used [0x00000000d5580000,0x00000000de4dd8e0,0x00000000e0a80000)
  from space 12800K, 99% used [0x00000000e0a80000,0x00000000e16f91f8,0x00000000e1700000)
  to   space 12800K, 0% used [0x00000000e1700000,0x00000000e1700000,0x00000000e2380000)
 ParOldGen       total 47104K, used 17005K [0x0000000080000000, 0x0000000082e00000, 0x00000000d5580000)
  object space 47104K, 36% used [0x0000000080000000,0x000000008109b590,0x0000000082e00000)
 Metaspace       used 56772K, capacity 59070K, committed 59160K, reserved 1099776K
  class space    used 7767K, capacity 8238K, committed 8240K, reserved 1048576K
Event: 35.304 GC heap after
Heap after GC invocations=14 (full 2):
 PSYoungGen      total 198144K, used 12793K [0x00000000d5580000, 0x00000000e2500000, 0x0000000100000000)
  eden space 185344K, 0% used [0x00000000d5580000,0x00000000d5580000,0x00000000e0a80000)
  from space 12800K, 99% used [0x00000000e1700000,0x00000000e237e478,0x00000000e2380000)
  to   space 12800K, 0% used [0x00000000e0a80000,0x00000000e0a80000,0x00000000e1700000)
 ParOldGen       total 47104K, used 28948K [0x0000000080000000, 0x0000000082e00000, 0x00000000d5580000)
  object space 47104K, 61% used [0x0000000080000000,0x0000000081c452d0,0x0000000082e00000)
 Metaspace       used 56772K, capacity 59070K, committed 59160K, reserved 1099776K
  class space    used 7767K, capacity 8238K, committed 8240K, reserved 1048576K
}
Event: 35.304 GC heap before
{Heap before GC invocations=15 (full 3):
 PSYoungGen      total 198144K, used 12793K [0x00000000d5580000, 0x00000000e2500000, 0x0000000100000000)
  eden space 185344K, 0% used [0x00000000d5580000,0x00000000d5580000,0x00000000e0a80000)
  from space 12800K, 99% used [0x00000000e1700000,0x00000000e237e478,0x00000000e2380000)
  to   space 12800K, 0% used [0x00000000e0a80000,0x00000000e0a80000,0x00000000e1700000)
 ParOldGen       total 47104K, used 28948K [0x0000000080000000, 0x0000000082e00000, 0x00000000d5580000)
  object space 47104K, 61% used [0x0000000080000000,0x0000000081c452d0,0x0000000082e00000)
 Metaspace       used 56772K, capacity 59070K, committed 59160K, reserved 1099776K
  class space    used 7767K, capacity 8238K, committed 8240K, reserved 1048576K
Event: 35.609 GC heap after
Heap after GC invocations=15 (full 3):
 PSYoungGen      total 198144K, used 0K [0x00000000d5580000, 0x00000000e2500000, 0x0000000100000000)
  eden space 185344K, 0% used [0x00000000d5580000,0x00000000d5580000,0x00000000e0a80000)
  from space 12800K, 0% used [0x00000000e1700000,0x00000000e1700000,0x00000000e2380000)
  to   space 12800K, 0% used [0x00000000e0a80000,0x00000000e0a80000,0x00000000e1700000)
 ParOldGen       total 47104K, used 36569K [0x0000000080000000, 0x0000000082e00000, 0x00000000d5580000)
  object space 47104K, 77% used [0x0000000080000000,0x00000000823b67a0,0x0000000082e00000)
 Metaspace       used 56749K, capacity 58992K, committed 59160K, reserved 1099776K
  class space    used 7760K, capacity 8225K, committed 8240K, reserved 1048576K
}
Event: 69.447 GC heap before
{Heap before GC invocations=16 (full 3):
 PSYoungGen      total 198144K, used 185344K [0x00000000d5580000, 0x00000000e2500000, 0x0000000100000000)
  eden space 185344K, 100% used [0x00000000d5580000,0x00000000e0a80000,0x00000000e0a80000)
  from space 12800K, 0% used [0x00000000e1700000,0x00000000e1700000,0x00000000e2380000)
  to   space 12800K, 0% used [0x00000000e0a80000,0x00000000e0a80000,0x00000000e1700000)
 ParOldGen       total 47104K, used 36569K [0x0000000080000000, 0x0000000082e00000, 0x00000000d5580000)
  object space 47104K, 77% used [0x0000000080000000,0x00000000823b67a0,0x0000000082e00000)
 Metaspace       used 64555K, capacity 67474K, committed 67608K, reserved 1107968K
  class space    used 8890K, capacity 9476K, committed 9520K, reserved 1048576K
Event: 69.489 GC heap after
Heap after GC invocations=16 (full 3):
 PSYoungGen      total 198144K, used 12785K [0x00000000d5580000, 0x00000000e2500000, 0x0000000100000000)
  eden space 185344K, 0% used [0x00000000d5580000,0x00000000d5580000,0x00000000e0a80000)
  from space 12800K, 99% used [0x00000000e0a80000,0x00000000e16fc5d8,0x00000000e1700000)
  to   space 12800K, 0% used [0x00000000e1700000,0x00000000e1700000,0x00000000e2380000)
 ParOldGen       total 52736K, used 52321K [0x0000000080000000, 0x0000000083380000, 0x00000000d5580000)
  object space 52736K, 99% used [0x0000000080000000,0x00000000833187f8,0x0000000083380000)
 Metaspace       used 64555K, capacity 67474K, committed 67608K, reserved 1107968K
  class space    used 8890K, capacity 9476K, committed 9520K, reserved 1048576K
}
Event: 69.489 GC heap before
{Heap before GC invocations=17 (full 4):
 PSYoungGen      total 198144K, used 12785K [0x00000000d5580000, 0x00000000e2500000, 0x0000000100000000)
  eden space 185344K, 0% used [0x00000000d5580000,0x00000000d5580000,0x00000000e0a80000)
  from space 12800K, 99% used [0x00000000e0a80000,0x00000000e16fc5d8,0x00000000e1700000)
  to   space 12800K, 0% used [0x00000000e1700000,0x00000000e1700000,0x00000000e2380000)
 ParOldGen       total 52736K, used 52321K [0x0000000080000000, 0x0000000083380000, 0x00000000d5580000)
  object space 52736K, 99% used [0x0000000080000000,0x00000000833187f8,0x0000000083380000)
 Metaspace       used 64555K, capacity 67474K, committed 67608K, reserved 1107968K
  class space    used 8890K, capacity 9476K, committed 9520K, reserved 1048576K
Event: 69.907 GC heap after
Heap after GC invocations=17 (full 4):
 PSYoungGen      total 198144K, used 4054K [0x00000000d5580000, 0x00000000e2500000, 0x0000000100000000)
  eden space 185344K, 0% used [0x00000000d5580000,0x00000000d5580000,0x00000000e0a80000)
  from space 12800K, 31% used [0x00000000e0a80000,0x00000000e0e75a48,0x00000000e1700000)
  to   space 12800K, 0% used [0x00000000e1700000,0x00000000e1700000,0x00000000e2380000)
 ParOldGen       total 52736K, used 52243K [0x0000000080000000, 0x0000000083380000, 0x00000000d5580000)
  object space 52736K, 99% used [0x0000000080000000,0x0000000083304c10,0x0000000083380000)
 Metaspace       used 64473K, capacity 67246K, committed 67608K, reserved 1107968K
  class space    used 8864K, capacity 9430K, committed 9520K, reserved 1048576K
}

