# JRE version: OpenJDK Runtime Environment (8.0_242-b01) (build 1.8.0_242-release-1644-b01)
# Java VM: OpenJDK 64-Bit Server VM (25.242-b01 mixed mode windows-amd64 compressed oops)
Heap:
 PSYoungGen      total 72192K, used 39741K [0x00000000d5580000, 0x00000000da600000, 0x0000000100000000)
  eden space 64000K, 52% used [0x00000000d5580000,0x00000000d7685fe8,0x00000000d9400000)
  from space 8192K, 72% used [0x00000000d9e00000,0x00000000da3c97e0,0x00000000da600000)
  to   space 9216K, 0% used [0x00000000d9400000,0x00000000d9400000,0x00000000d9d00000)
 ParOldGen       total 55296K, used 29041K [0x0000000080000000, 0x0000000083600000, 0x00000000d5580000)
  object space 55296K, 52% used [0x0000000080000000,0x0000000081c5c510,0x0000000083600000)
 Metaspace       used 62580K, capacity 65340K, committed 65560K, reserved 1107968K
  class space    used 8690K, capacity 9217K, committed 9264K, reserved 1048576K
GC Heap History (10 events):
Event: 134.008 GC heap before
{Heap before GC invocations=33 (full 2):
 PSYoungGen      total 52736K, used 51616K [0x00000000d5580000, 0x00000000d9180000, 0x0000000100000000)
  eden space 45056K, 100% used [0x00000000d5580000,0x00000000d8180000,0x00000000d8180000)
  from space 7680K, 85% used [0x00000000d8980000,0x00000000d8fe8378,0x00000000d9100000)
  to   space 8192K, 0% used [0x00000000d8180000,0x00000000d8180000,0x00000000d8980000)
 ParOldGen       total 33792K, used 21297K [0x0000000080000000, 0x0000000082100000, 0x00000000d5580000)
  object space 33792K, 63% used [0x0000000080000000,0x00000000814cc748,0x0000000082100000)
 Metaspace       used 52028K, capacity 54014K, committed 54312K, reserved 1095680K
  class space    used 6955K, capacity 7375K, committed 7472K, reserved 1048576K
Event: 134.022 GC heap after
Heap after GC invocations=33 (full 2):
 PSYoungGen      total 53248K, used 5822K [0x00000000d5580000, 0x00000000d9c00000, 0x0000000100000000)
  eden space 45056K, 0% used [0x00000000d5580000,0x00000000d5580000,0x00000000d8180000)
  from space 8192K, 71% used [0x00000000d8180000,0x00000000d872fa20,0x00000000d8980000)
  to   space 8704K, 0% used [0x00000000d9380000,0x00000000d9380000,0x00000000d9c00000)
 ParOldGen       total 33792K, used 23761K [0x0000000080000000, 0x0000000082100000, 0x00000000d5580000)
  object space 33792K, 70% used [0x0000000080000000,0x0000000081734410,0x0000000082100000)
 Metaspace       used 52028K, capacity 54014K, committed 54312K, reserved 1095680K
  class space    used 6955K, capacity 7375K, committed 7472K, reserved 1048576K
}
Event: 136.366 GC heap before
{Heap before GC invocations=34 (full 2):
 PSYoungGen      total 53248K, used 50878K [0x00000000d5580000, 0x00000000d9c00000, 0x0000000100000000)
  eden space 45056K, 100% used [0x00000000d5580000,0x00000000d8180000,0x00000000d8180000)
  from space 8192K, 71% used [0x00000000d8180000,0x00000000d872fa20,0x00000000d8980000)
  to   space 8704K, 0% used [0x00000000d9380000,0x00000000d9380000,0x00000000d9c00000)
 ParOldGen       total 33792K, used 23761K [0x0000000080000000, 0x0000000082100000, 0x00000000d5580000)
  object space 33792K, 70% used [0x0000000080000000,0x0000000081734410,0x0000000082100000)
 Metaspace       used 56338K, capacity 58674K, committed 58920K, reserved 1099776K
  class space    used 7699K, capacity 8194K, committed 8240K, reserved 1048576K
Event: 136.385 GC heap after
Heap after GC invocations=34 (full 2):
 PSYoungGen      total 63488K, used 5518K [0x00000000d5580000, 0x00000000d9c00000, 0x0000000100000000)
  eden space 54784K, 0% used [0x00000000d5580000,0x00000000d5580000,0x00000000d8b00000)
  from space 8704K, 63% used [0x00000000d9380000,0x00000000d98e3a48,0x00000000d9c00000)
  to   space 8704K, 0% used [0x00000000d8b00000,0x00000000d8b00000,0x00000000d9380000)
 ParOldGen       total 33792K, used 27403K [0x0000000080000000, 0x0000000082100000, 0x00000000d5580000)
  object space 33792K, 81% used [0x0000000080000000,0x0000000081ac2c08,0x0000000082100000)
 Metaspace       used 56338K, capacity 58674K, committed 58920K, reserved 1099776K
  class space    used 7699K, capacity 8194K, committed 8240K, reserved 1048576K
}
Event: 136.888 GC heap before
{Heap before GC invocations=35 (full 2):
 PSYoungGen      total 63488K, used 10998K [0x00000000d5580000, 0x00000000d9c00000, 0x0000000100000000)
  eden space 54784K, 10% used [0x00000000d5580000,0x00000000d5ad9f78,0x00000000d8b00000)
  from space 8704K, 63% used [0x00000000d9380000,0x00000000d98e3a48,0x00000000d9c00000)
  to   space 8704K, 0% used [0x00000000d8b00000,0x00000000d8b00000,0x00000000d9380000)
 ParOldGen       total 33792K, used 27403K [0x0000000080000000, 0x0000000082100000, 0x00000000d5580000)
  object space 33792K, 81% used [0x0000000080000000,0x0000000081ac2c08,0x0000000082100000)
 Metaspace       used 56820K, capacity 59112K, committed 59160K, reserved 1099776K
  class space    used 7767K, capacity 8233K, committed 8240K, reserved 1048576K
Event: 136.897 GC heap after
Heap after GC invocations=35 (full 2):
 PSYoungGen      total 63488K, used 768K [0x00000000d5580000, 0x00000000da680000, 0x0000000100000000)
  eden space 54784K, 0% used [0x00000000d5580000,0x00000000d5580000,0x00000000d8b00000)
  from space 8704K, 8% used [0x00000000d8b00000,0x00000000d8bc0000,0x00000000d9380000)
  to   space 8704K, 0% used [0x00000000d9e00000,0x00000000d9e00000,0x00000000da680000)
 ParOldGen       total 33792K, used 29603K [0x0000000080000000, 0x0000000082100000, 0x00000000d5580000)
  object space 33792K, 87% used [0x0000000080000000,0x0000000081ce8c08,0x0000000082100000)
 Metaspace       used 56820K, capacity 59112K, committed 59160K, reserved 1099776K
  class space    used 7767K, capacity 8233K, committed 8240K, reserved 1048576K
}
Event: 136.897 GC heap before
{Heap before GC invocations=36 (full 3):
 PSYoungGen      total 63488K, used 768K [0x00000000d5580000, 0x00000000da680000, 0x0000000100000000)
  eden space 54784K, 0% used [0x00000000d5580000,0x00000000d5580000,0x00000000d8b00000)
  from space 8704K, 8% used [0x00000000d8b00000,0x00000000d8bc0000,0x00000000d9380000)
  to   space 8704K, 0% used [0x00000000d9e00000,0x00000000d9e00000,0x00000000da680000)
 ParOldGen       total 33792K, used 29603K [0x0000000080000000, 0x0000000082100000, 0x00000000d5580000)
  object space 33792K, 87% used [0x0000000080000000,0x0000000081ce8c08,0x0000000082100000)
 Metaspace       used 56820K, capacity 59112K, committed 59160K, reserved 1099776K
  class space    used 7767K, capacity 8233K, committed 8240K, reserved 1048576K
Event: 137.322 GC heap after
Heap after GC invocations=36 (full 3):
 PSYoungGen      total 63488K, used 0K [0x00000000d5580000, 0x00000000da680000, 0x0000000100000000)
  eden space 54784K, 0% used [0x00000000d5580000,0x00000000d5580000,0x00000000d8b00000)
  from space 8704K, 0% used [0x00000000d8b00000,0x00000000d8b00000,0x00000000d9380000)
  to   space 8704K, 0% used [0x00000000d9e00000,0x00000000d9e00000,0x00000000da680000)
 ParOldGen       total 55296K, used 29033K [0x0000000080000000, 0x0000000083600000, 0x00000000d5580000)
  object space 55296K, 52% used [0x0000000080000000,0x0000000081c5a510,0x0000000083600000)
 Metaspace       used 56806K, capacity 59064K, committed 59160K, reserved 1099776K
  class space    used 7763K, capacity 8225K, committed 8240K, reserved 1048576K
}
Event: 140.152 GC heap before
{Heap before GC invocations=37 (full 3):
 PSYoungGen      total 63488K, used 54784K [0x00000000d5580000, 0x00000000da680000, 0x0000000100000000)
  eden space 54784K, 100% used [0x00000000d5580000,0x00000000d8b00000,0x00000000d8b00000)
  from space 8704K, 0% used [0x00000000d8b00000,0x00000000d8b00000,0x00000000d9380000)
  to   space 8704K, 0% used [0x00000000d9e00000,0x00000000d9e00000,0x00000000da680000)
 ParOldGen       total 55296K, used 29033K [0x0000000080000000, 0x0000000083600000, 0x00000000d5580000)
  object space 55296K, 52% used [0x0000000080000000,0x0000000081c5a510,0x0000000083600000)
 Metaspace       used 60444K, capacity 62946K, committed 63128K, reserved 1103872K
  class space    used 8355K, capacity 8880K, committed 8880K, reserved 1048576K
Event: 140.169 GC heap after
Heap after GC invocations=37 (full 3):
 PSYoungGen      total 72192K, used 5925K [0x00000000d5580000, 0x00000000da600000, 0x0000000100000000)
  eden space 64000K, 0% used [0x00000000d5580000,0x00000000d5580000,0x00000000d9400000)
  from space 8192K, 72% used [0x00000000d9e00000,0x00000000da3c97e0,0x00000000da600000)
  to   space 9216K, 0% used [0x00000000d9400000,0x00000000d9400000,0x00000000d9d00000)
 ParOldGen       total 55296K, used 29041K [0x0000000080000000, 0x0000000083600000, 0x00000000d5580000)
  object space 55296K, 52% used [0x0000000080000000,0x0000000081c5c510,0x0000000083600000)
 Metaspace       used 60444K, capacity 62946K, committed 63128K, reserved 1103872K
  class space    used 8355K, capacity 8880K, committed 8880K, reserved 1048576K
}

