# JRE version: OpenJDK Runtime Environment (8.0_242-b01) (build 1.8.0_242-release-1644-b01)
# Java VM: OpenJDK 64-Bit Server VM (25.242-b01 mixed mode windows-amd64 compressed oops)
Heap:
 PSYoungGen      total 270336K, used 22216K [0x00000000d5580000, 0x00000000e7900000, 0x0000000100000000)
  eden space 253440K, 8% used [0x00000000d5580000,0x00000000d6b323f0,0x00000000e4d00000)
  from space 16896K, 0% used [0x00000000e6500000,0x00000000e6500000,0x00000000e7580000)
  to   space 22528K, 0% used [0x00000000e4d00000,0x00000000e4d00000,0x00000000e6300000)
 ParOldGen       total 87552K, used 36283K [0x0000000080000000, 0x0000000085580000, 0x00000000d5580000)
  object space 87552K, 41% used [0x0000000080000000,0x000000008236ee88,0x0000000085580000)
 Metaspace       used 58175K, capacity 60488K, committed 60824K, reserved 1101824K
  class space    used 8035K, capacity 8521K, committed 8624K, reserved 1048576K
GC Heap History (10 events):
Event: 27.441 GC heap before
{Heap before GC invocations=9 (full 1):
 PSYoungGen      total 140800K, used 34819K [0x00000000d5580000, 0x00000000e2e80000, 0x0000000100000000)
  eden space 131072K, 19% used [0x00000000d5580000,0x00000000d6e086b0,0x00000000dd580000)
  from space 9728K, 99% used [0x00000000dd580000,0x00000000ddef8790,0x00000000ddf00000)
  to   space 13824K, 0% used [0x00000000e2100000,0x00000000e2100000,0x00000000e2e80000)
 ParOldGen       total 41984K, used 15848K [0x0000000080000000, 0x0000000082900000, 0x00000000d5580000)
  object space 41984K, 37% used [0x0000000080000000,0x0000000080f7a3a8,0x0000000082900000)
 Metaspace       used 34275K, capacity 35404K, committed 35496K, reserved 1079296K
  class space    used 4712K, capacity 5001K, committed 5040K, reserved 1048576K
Event: 27.483 GC heap after
Heap after GC invocations=9 (full 1):
 PSYoungGen      total 208896K, used 7923K [0x00000000d5580000, 0x00000000e3880000, 0x0000000100000000)
  eden space 195072K, 0% used [0x00000000d5580000,0x00000000d5580000,0x00000000e1400000)
  from space 13824K, 57% used [0x00000000e2100000,0x00000000e28bcdd8,0x00000000e2e80000)
  to   space 13312K, 0% used [0x00000000e1400000,0x00000000e1400000,0x00000000e2100000)
 ParOldGen       total 41984K, used 15856K [0x0000000080000000, 0x0000000082900000, 0x00000000d5580000)
  object space 41984K, 37% used [0x0000000080000000,0x0000000080f7c3a8,0x0000000082900000)
 Metaspace       used 34275K, capacity 35404K, committed 35496K, reserved 1079296K
  class space    used 4712K, capacity 5001K, committed 5040K, reserved 1048576K
}
Event: 27.483 GC heap before
{Heap before GC invocations=10 (full 2):
 PSYoungGen      total 208896K, used 7923K [0x00000000d5580000, 0x00000000e3880000, 0x0000000100000000)
  eden space 195072K, 0% used [0x00000000d5580000,0x00000000d5580000,0x00000000e1400000)
  from space 13824K, 57% used [0x00000000e2100000,0x00000000e28bcdd8,0x00000000e2e80000)
  to   space 13312K, 0% used [0x00000000e1400000,0x00000000e1400000,0x00000000e2100000)
 ParOldGen       total 41984K, used 15856K [0x0000000080000000, 0x0000000082900000, 0x00000000d5580000)
  object space 41984K, 37% used [0x0000000080000000,0x0000000080f7c3a8,0x0000000082900000)
 Metaspace       used 34275K, capacity 35404K, committed 35496K, reserved 1079296K
  class space    used 4712K, capacity 5001K, committed 5040K, reserved 1048576K
Event: 27.590 GC heap after
Heap after GC invocations=10 (full 2):
 PSYoungGen      total 208896K, used 0K [0x00000000d5580000, 0x00000000e3880000, 0x0000000100000000)
  eden space 195072K, 0% used [0x00000000d5580000,0x00000000d5580000,0x00000000e1400000)
  from space 13824K, 0% used [0x00000000e2100000,0x00000000e2100000,0x00000000e2e80000)
  to   space 13312K, 0% used [0x00000000e1400000,0x00000000e1400000,0x00000000e2100000)
 ParOldGen       total 54784K, used 14252K [0x0000000080000000, 0x0000000083580000, 0x00000000d5580000)
  object space 54784K, 26% used [0x0000000080000000,0x0000000080deb388,0x0000000083580000)
 Metaspace       used 34275K, capacity 35404K, committed 35496K, reserved 1079296K
  class space    used 4712K, capacity 5001K, committed 5040K, reserved 1048576K
}
Event: 57.676 GC heap before
{Heap before GC invocations=11 (full 2):
 PSYoungGen      total 208896K, used 195072K [0x00000000d5580000, 0x00000000e3880000, 0x0000000100000000)
  eden space 195072K, 100% used [0x00000000d5580000,0x00000000e1400000,0x00000000e1400000)
  from space 13824K, 0% used [0x00000000e2100000,0x00000000e2100000,0x00000000e2e80000)
  to   space 13312K, 0% used [0x00000000e1400000,0x00000000e1400000,0x00000000e2100000)
 ParOldGen       total 54784K, used 14252K [0x0000000080000000, 0x0000000083580000, 0x00000000d5580000)
  object space 54784K, 26% used [0x0000000080000000,0x0000000080deb388,0x0000000083580000)
 Metaspace       used 45740K, capacity 47460K, committed 47784K, reserved 1091584K
  class space    used 6185K, capacity 6542K, committed 6576K, reserved 1048576K
Event: 57.701 GC heap after
Heap after GC invocations=11 (full 2):
 PSYoungGen      total 208384K, used 13311K [0x00000000d5580000, 0x00000000e7580000, 0x0000000100000000)
  eden space 195072K, 0% used [0x00000000d5580000,0x00000000d5580000,0x00000000e1400000)
  from space 13312K, 99% used [0x00000000e1400000,0x00000000e20fff90,0x00000000e2100000)
  to   space 16896K, 0% used [0x00000000e6500000,0x00000000e6500000,0x00000000e7580000)
 ParOldGen       total 54784K, used 18047K [0x0000000080000000, 0x0000000083580000, 0x00000000d5580000)
  object space 54784K, 32% used [0x0000000080000000,0x000000008119fec0,0x0000000083580000)
 Metaspace       used 45740K, capacity 47460K, committed 47784K, reserved 1091584K
  class space    used 6185K, capacity 6542K, committed 6576K, reserved 1048576K
}
Event: 111.461 GC heap before
{Heap before GC invocations=12 (full 2):
 PSYoungGen      total 208384K, used 145522K [0x00000000d5580000, 0x00000000e7580000, 0x0000000100000000)
  eden space 195072K, 67% used [0x00000000d5580000,0x00000000dd69c870,0x00000000e1400000)
  from space 13312K, 99% used [0x00000000e1400000,0x00000000e20fff90,0x00000000e2100000)
  to   space 16896K, 0% used [0x00000000e6500000,0x00000000e6500000,0x00000000e7580000)
 ParOldGen       total 54784K, used 18047K [0x0000000080000000, 0x0000000083580000, 0x00000000d5580000)
  object space 54784K, 32% used [0x0000000080000000,0x000000008119fec0,0x0000000083580000)
 Metaspace       used 56818K, capacity 59122K, committed 59160K, reserved 1099776K
  class space    used 7771K, capacity 8234K, committed 8240K, reserved 1048576K
Event: 111.508 GC heap after
Heap after GC invocations=12 (full 2):
 PSYoungGen      total 270336K, used 16879K [0x00000000d5580000, 0x00000000e7900000, 0x0000000100000000)
  eden space 253440K, 0% used [0x00000000d5580000,0x00000000d5580000,0x00000000e4d00000)
  from space 16896K, 99% used [0x00000000e6500000,0x00000000e757bf38,0x00000000e7580000)
  to   space 22528K, 0% used [0x00000000e4d00000,0x00000000e4d00000,0x00000000e6300000)
 ParOldGen       total 54784K, used 25647K [0x0000000080000000, 0x0000000083580000, 0x00000000d5580000)
  object space 54784K, 46% used [0x0000000080000000,0x000000008190bc48,0x0000000083580000)
 Metaspace       used 56818K, capacity 59122K, committed 59160K, reserved 1099776K
  class space    used 7771K, capacity 8234K, committed 8240K, reserved 1048576K
}
Event: 111.508 GC heap before
{Heap before GC invocations=13 (full 3):
 PSYoungGen      total 270336K, used 16879K [0x00000000d5580000, 0x00000000e7900000, 0x0000000100000000)
  eden space 253440K, 0% used [0x00000000d5580000,0x00000000d5580000,0x00000000e4d00000)
  from space 16896K, 99% used [0x00000000e6500000,0x00000000e757bf38,0x00000000e7580000)
  to   space 22528K, 0% used [0x00000000e4d00000,0x00000000e4d00000,0x00000000e6300000)
 ParOldGen       total 54784K, used 25647K [0x0000000080000000, 0x0000000083580000, 0x00000000d5580000)
  object space 54784K, 46% used [0x0000000080000000,0x000000008190bc48,0x0000000083580000)
 Metaspace       used 56818K, capacity 59122K, committed 59160K, reserved 1099776K
  class space    used 7771K, capacity 8234K, committed 8240K, reserved 1048576K
Event: 111.802 GC heap after
Heap after GC invocations=13 (full 3):
 PSYoungGen      total 270336K, used 0K [0x00000000d5580000, 0x00000000e7900000, 0x0000000100000000)
  eden space 253440K, 0% used [0x00000000d5580000,0x00000000d5580000,0x00000000e4d00000)
  from space 16896K, 0% used [0x00000000e6500000,0x00000000e6500000,0x00000000e7580000)
  to   space 22528K, 0% used [0x00000000e4d00000,0x00000000e4d00000,0x00000000e6300000)
 ParOldGen       total 87552K, used 36283K [0x0000000080000000, 0x0000000085580000, 0x00000000d5580000)
  object space 87552K, 41% used [0x0000000080000000,0x000000008236ee88,0x0000000085580000)
 Metaspace       used 56804K, capacity 59074K, committed 59160K, reserved 1099776K
  class space    used 7767K, capacity 8226K, committed 8240K, reserved 1048576K
}

